DEBUG:root:something to log
DEBUG:root:something to log
DEBUG:root:something to log
DEBUG:root:something to log
DEBUG:root:something to log
CRITICAL:root:critical
ERROR:root:error
WARNING:root:warning
INFO:root:info
DEBUG:root:debug
CRITICAL:root:something to log
ERROR:root:something to log
WARNING:root:something to log
CRITICAL:root:something to log
ERROR:root:something to log
WARNING:root:something to log
INFO:root:something to log
DEBUG:root:something to log
INFO:root:something to log
Level 91:root:something to log
